29-Mar-2019 10:55:00.127 INFO [main] org.apache.catalina.startup.VersionLoggerListener.log Server version:        Apache Tomcat/8.5.39
29-Mar-2019 10:55:00.132 INFO [main] org.apache.catalina.startup.VersionLoggerListener.log Server built:          Mar 14 2019 11:24:26 UTC
29-Mar-2019 10:55:00.132 INFO [main] org.apache.catalina.startup.VersionLoggerListener.log Server number:         8.5.39.0
29-Mar-2019 10:55:00.132 INFO [main] org.apache.catalina.startup.VersionLoggerListener.log OS Name:               Linux
29-Mar-2019 10:55:00.132 INFO [main] org.apache.catalina.startup.VersionLoggerListener.log OS Version:            4.14.104-95.84.amzn2.x86_64
29-Mar-2019 10:55:00.133 INFO [main] org.apache.catalina.startup.VersionLoggerListener.log Architecture:          amd64
29-Mar-2019 10:55:00.133 INFO [main] org.apache.catalina.startup.VersionLoggerListener.log Java Home:             /usr/lib/jvm/java-1.8.0-openjdk-1.8.0.201.b09-0.amzn2.x86_64/jre
29-Mar-2019 10:55:00.133 INFO [main] org.apache.catalina.startup.VersionLoggerListener.log JVM Version:           1.8.0_201-b09
29-Mar-2019 10:55:00.134 INFO [main] org.apache.catalina.startup.VersionLoggerListener.log JVM Vendor:            Oracle Corporation
29-Mar-2019 10:55:00.134 INFO [main] org.apache.catalina.startup.VersionLoggerListener.log CATALINA_BASE:         /root/SampleApp/target/tomcat8
29-Mar-2019 10:55:00.134 INFO [main] org.apache.catalina.startup.VersionLoggerListener.log CATALINA_HOME:         /root/SampleApp/target/tomcat8
29-Mar-2019 10:55:00.134 INFO [main] org.apache.catalina.startup.VersionLoggerListener.log Command line argument: -Djava.util.logging.config.file=/root/SampleApp/target/tomcat8/conf/logging.properties
29-Mar-2019 10:55:00.135 INFO [main] org.apache.catalina.startup.VersionLoggerListener.log Command line argument: -Djava.util.logging.manager=org.apache.juli.ClassLoaderLogManager
29-Mar-2019 10:55:00.135 INFO [main] org.apache.catalina.startup.VersionLoggerListener.log Command line argument: -Djdk.tls.ephemeralDHKeySize=2048
29-Mar-2019 10:55:00.135 INFO [main] org.apache.catalina.startup.VersionLoggerListener.log Command line argument: -Djava.protocol.handler.pkgs=org.apache.catalina.webresources
29-Mar-2019 10:55:00.136 INFO [main] org.apache.catalina.startup.VersionLoggerListener.log Command line argument: -Dorg.apache.catalina.security.SecurityListener.UMASK=0027
29-Mar-2019 10:55:00.138 INFO [main] org.apache.catalina.startup.VersionLoggerListener.log Command line argument: -Dignore.endorsed.dirs=
29-Mar-2019 10:55:00.138 INFO [main] org.apache.catalina.startup.VersionLoggerListener.log Command line argument: -Dcatalina.base=/root/SampleApp/target/tomcat8
29-Mar-2019 10:55:00.138 INFO [main] org.apache.catalina.startup.VersionLoggerListener.log Command line argument: -Dcatalina.home=/root/SampleApp/target/tomcat8
29-Mar-2019 10:55:00.139 INFO [main] org.apache.catalina.startup.VersionLoggerListener.log Command line argument: -Djava.io.tmpdir=/root/SampleApp/target/tomcat8/temp
29-Mar-2019 10:55:00.139 INFO [main] org.apache.catalina.core.AprLifecycleListener.lifecycleEvent The APR based Apache Tomcat Native library which allows optimal performance in production environments was not found on the java.library.path: [/usr/java/packages/lib/amd64:/usr/lib64:/lib64:/lib:/usr/lib]
29-Mar-2019 10:55:00.327 INFO [main] org.apache.coyote.AbstractProtocol.init Initializing ProtocolHandler ["http-nio-8080"]
29-Mar-2019 10:55:00.346 INFO [main] org.apache.tomcat.util.net.NioSelectorPool.getSharedSelector Using a shared selector for servlet write/read
29-Mar-2019 10:55:00.380 INFO [main] org.apache.coyote.AbstractProtocol.init Initializing ProtocolHandler ["ajp-nio-8009"]
29-Mar-2019 10:55:00.382 INFO [main] org.apache.tomcat.util.net.NioSelectorPool.getSharedSelector Using a shared selector for servlet write/read
29-Mar-2019 10:55:00.388 INFO [main] org.apache.catalina.startup.Catalina.load Initialization processed in 992 ms
29-Mar-2019 10:55:00.431 INFO [main] org.apache.catalina.core.StandardService.startInternal Starting service [Catalina]
29-Mar-2019 10:55:00.431 INFO [main] org.apache.catalina.core.StandardEngine.startInternal Starting Servlet Engine: Apache Tomcat/8.5.39
29-Mar-2019 10:55:00.454 INFO [localhost-startStop-1] org.apache.catalina.startup.HostConfig.deployDirectory Deploying web application directory [/root/SampleApp/target/tomcat8/webapps/ROOT]
29-Mar-2019 10:55:01.055 INFO [localhost-startStop-1] org.apache.catalina.startup.HostConfig.deployDirectory Deployment of web application directory [/root/SampleApp/target/tomcat8/webapps/ROOT] has finished in [601] ms
29-Mar-2019 10:55:01.058 INFO [localhost-startStop-1] org.apache.catalina.startup.HostConfig.deployDirectory Deploying web application directory [/root/SampleApp/target/tomcat8/webapps/docs]
29-Mar-2019 10:55:01.095 INFO [localhost-startStop-1] org.apache.catalina.startup.HostConfig.deployDirectory Deployment of web application directory [/root/SampleApp/target/tomcat8/webapps/docs] has finished in [37] ms
29-Mar-2019 10:55:01.096 INFO [localhost-startStop-1] org.apache.catalina.startup.HostConfig.deployDirectory Deploying web application directory [/root/SampleApp/target/tomcat8/webapps/examples]
29-Mar-2019 10:55:01.566 INFO [localhost-startStop-1] org.apache.catalina.startup.HostConfig.deployDirectory Deployment of web application directory [/root/SampleApp/target/tomcat8/webapps/examples] has finished in [470] ms
29-Mar-2019 10:55:01.566 INFO [localhost-startStop-1] org.apache.catalina.startup.HostConfig.deployDirectory Deploying web application directory [/root/SampleApp/target/tomcat8/webapps/host-manager]
29-Mar-2019 10:55:01.611 INFO [localhost-startStop-1] org.apache.catalina.startup.HostConfig.deployDirectory Deployment of web application directory [/root/SampleApp/target/tomcat8/webapps/host-manager] has finished in [45] ms
29-Mar-2019 10:55:01.611 INFO [localhost-startStop-1] org.apache.catalina.startup.HostConfig.deployDirectory Deploying web application directory [/root/SampleApp/target/tomcat8/webapps/manager]
29-Mar-2019 10:55:01.655 INFO [localhost-startStop-1] org.apache.catalina.startup.HostConfig.deployDirectory Deployment of web application directory [/root/SampleApp/target/tomcat8/webapps/manager] has finished in [44] ms
29-Mar-2019 10:55:01.660 INFO [main] org.apache.coyote.AbstractProtocol.start Starting ProtocolHandler ["http-nio-8080"]
29-Mar-2019 10:55:01.689 INFO [main] org.apache.coyote.AbstractProtocol.start Starting ProtocolHandler ["ajp-nio-8009"]
29-Mar-2019 10:55:01.691 INFO [main] org.apache.catalina.startup.Catalina.start Server startup in 1302 ms
29-Mar-2019 11:44:24.996 INFO [main] org.apache.catalina.core.StandardServer.await A valid shutdown command was received via the shutdown port. Stopping the Server instance.
29-Mar-2019 11:44:24.997 INFO [main] org.apache.coyote.AbstractProtocol.pause Pausing ProtocolHandler ["http-nio-8080"]
29-Mar-2019 11:44:25.002 INFO [main] org.apache.coyote.AbstractProtocol.pause Pausing ProtocolHandler ["ajp-nio-8009"]
29-Mar-2019 11:44:25.006 INFO [main] org.apache.catalina.core.StandardService.stopInternal Stopping service [Catalina]
29-Mar-2019 11:44:25.067 INFO [main] org.apache.coyote.AbstractProtocol.stop Stopping ProtocolHandler ["http-nio-8080"]
29-Mar-2019 11:44:25.069 INFO [main] org.apache.coyote.AbstractProtocol.stop Stopping ProtocolHandler ["ajp-nio-8009"]
29-Mar-2019 11:44:25.070 INFO [main] org.apache.coyote.AbstractProtocol.destroy Destroying ProtocolHandler ["http-nio-8080"]
29-Mar-2019 11:44:25.071 INFO [main] org.apache.coyote.AbstractProtocol.destroy Destroying ProtocolHandler ["ajp-nio-8009"]
